Using pre-set license
Built from '2020.3/staging' branch; Version is '2020.3.10f1 (297d780c91bc) revision 2719096'; Using compiler version '192528614'; Build Type 'Release'
OS: 'Windows 10 Home Single Language; OS build 19042.1052; Version 2009; 64bit' Language: 'tr' Physical Memory: 16252 MB
BatchMode: 1, IsHumanControllingUs: 0, StartBugReporterOnCrash: 0, Is64bit: 1, IsPro: 0

 COMMAND LINE ARGUMENTS:
D:\Unity\2020.3.10f1\Editor\Unity.exe
-adb2
-batchMode
-noUpm
-name
AssetImportWorker0
-projectPath
C:/Users/ahmet/Desktop/Oyunlar/Unity Ders/04.06.2021-Lecten
-logFile
Logs/AssetImportWorker0.log
-srvPort
64527
Successfully changed project path to: C:/Users/ahmet/Desktop/Oyunlar/Unity Ders/04.06.2021-Lecten
C:/Users/ahmet/Desktop/Oyunlar/Unity Ders/04.06.2021-Lecten
Using Asset Import Pipeline V2.
Refreshing native plugins compatible for Editor in 30.74 ms, found 2 plugins.
Preloading 0 native plugins for Editor in 0.00 ms.
Initialize engine version: 2020.3.10f1 (297d780c91bc)
[Subsystems] Discovering subsystems at path D:/Unity/2020.3.10f1/Editor/Data/Resources/UnitySubsystems
[Subsystems] Discovering subsystems at path C:/Users/ahmet/Desktop/Oyunlar/Unity Ders/04.06.2021-Lecten/Assets
GfxDevice: creating device client; threaded=0
Direct3D:
    Version:  Direct3D 11.0 [level 11.1]
    Renderer: NVIDIA GeForce GTX 1050 (ID=0x1c8d)
    Vendor:   
    VRAM:     4021 MB
    Driver:   24.21.13.9826
Initialize mono
Mono path[0] = 'D:/Unity/2020.3.10f1/Editor/Data/Managed'
Mono path[1] = 'D:/Unity/2020.3.10f1/Editor/Data/MonoBleedingEdge/lib/mono/unityjit'
Mono config path = 'D:/Unity/2020.3.10f1/Editor/Data/MonoBleedingEdge/etc'
Using monoOptions --debugger-agent=transport=dt_socket,embedding=1,server=y,suspend=n,address=127.0.0.1:56376
Begin MonoManager ReloadAssembly
Registering precompiled unity dll's ...
Register platform support module: D:/Unity/2020.3.10f1/Editor/Data/PlaybackEngines/WebGLSupport/UnityEditor.WebGL.Extensions.dll
Register platform support module: D:/Unity/2020.3.10f1/Editor/Data/PlaybackEngines/WindowsStandaloneSupport/UnityEditor.WindowsStandalone.Extensions.dll
Registered in 0.001302 seconds.
Native extension for WindowsStandalone target not found
Native extension for WebGL target not found
Refreshing native plugins compatible for Editor in 29.71 ms, found 2 plugins.
Preloading 0 native plugins for Editor in 0.00 ms.
Mono: successfully reloaded assembly
- Completed reload, in  1.619 seconds
Platform modules already initialized, skipping
Registering precompiled user dll's ...
Registered in 0.003601 seconds.
Begin MonoManager ReloadAssembly
Native extension for WindowsStandalone target not found
Native extension for WebGL target not found
Refreshing native plugins compatible for Editor in 0.33 ms, found 2 plugins.
Preloading 0 native plugins for Editor in 0.00 ms.
Mono: successfully reloaded assembly
- Completed reload, in  1.058 seconds
Platform modules already initialized, skipping
========================================================================
Worker process is ready to serve import requests
Launched and connected shader compiler UnityShaderCompiler.exe after 0.07 seconds
Refreshing native plugins compatible for Editor in 0.36 ms, found 2 plugins.
Preloading 0 native plugins for Editor in 0.00 ms.
Unloading 1565 Unused Serialized files (Serialized files now loaded: 0)
System memory in use before: 154.2 MB.
System memory in use after: 154.3 MB.

Unloading 20 unused Assets to reduce memory usage. Loaded Objects now: 2020.
Total: 2.306900 ms (FindLiveObjects: 0.172600 ms CreateObjectMapping: 0.053800 ms MarkObjects: 1.956000 ms  DeleteObjects: 0.123800 ms)

========================================================================
Received Import Request.
  path: Assets/Scenes/PathTestScene.unity
  artifactKey: Guid(9239ec22e26c4384eb6df44c577e1dcf) Importer(815301076,1909f56bfc062723c751e8b465ee728b)
Start importing Assets/Scenes/PathTestScene.unity using Guid(9239ec22e26c4384eb6df44c577e1dcf) Importer(815301076,1909f56bfc062723c751e8b465ee728b)  -> (artifact id: '631ffb0cb94f55a3f106264d234ce869') in 0.018553 seconds
  Import took 0.021391 seconds .

========================================================================
Received Import Request.
  Time since last request: 0.000355 seconds.
  path: Assets/Scenes/Firework.unity
  artifactKey: Guid(4ec38de9b221b324ab7570672cf26984) Importer(815301076,1909f56bfc062723c751e8b465ee728b)
Start importing Assets/Scenes/Firework.unity using Guid(4ec38de9b221b324ab7570672cf26984) Importer(815301076,1909f56bfc062723c751e8b465ee728b)  -> (artifact id: 'c088ab38bc804cbf6d06a329745b7de1') in 0.010765 seconds
  Import took 0.013854 seconds .

AssetImportWorkerClient::OnTransportError - code=2 error=End of file
